build/app/outputs/mapping/release/seeds.txt
com.example.symbioseyaar.MainActivity
com.example.symbioseyaar.MainActivity: MainActivity()
...
com.pichillilorenzo.flutter_inappwebview.in_app_webview.InAppWebView: android.graphics.Point access$000(com.pichillilorenzo.flutter_inappwebview.in_app_webview.InAppWebView)
androidx.window.layout.DisplayCompatHelperApi17: DisplayCompatHelperApi17()
com.pichillilorenzo.flutter_inappwebview.types.InAppWebViewInterface: boolean canGoForward()
com.pichillilorenzo.flutter_inappwebview.types.URLProtectionSpace: android.net.http.SslError getSslError()
com.pichillilorenzo.flutter_inappwebview.in_app_webview.InAppWebViewChromeClient$9: InAppWebViewChromeClient$9(com.pichillilorenzo.flutter_inappwebview.in_app_webview.InAppWebViewChromeClient,android.widget.EditText,android.webkit.JsPromptResult,java.lang.String)
org.chromium.support_lib_boundary.SafeBrowsingResponseBoundaryInterface: void showInterstitial(boolean)
androidx.core.view.WindowInsetsCompat$BuilderImpl20: WindowInsetsCompat$BuilderImpl20(androidx.core.view.WindowInsetsCompat)
androidx.appcompat.widget.ActionMenuView: int getWindowAnimations()
com.pichillilorenzo.flutter_inappwebview.in_app_webview.InAppWebViewClient$1: void error(java.lang.String,java.lang.String,java.lang.Object)
androidx.appcompat.widget.LinearLayoutCompat: int getBaselineAlignedChildIndex()
androidx.core.content.FileProvider: boolean onCreate()
androidx.core.view.MenuItemCompat$Api26Impl: android.view.MenuItem setShortcut(android.view.MenuItem,char,char,int,int)
androidx.browser.customtabs.CustomTabsCallback: void onMessageChannelReady(android.os.Bundle)
androidx.swiperefreshlayout.widget.SwipeRefreshLayout: boolean dispatchNestedScroll(int,int,int,int,int[])
com.pichillilorenzo.flutter_inappwebview.types.URLAuthenticationChallenge: URLAuthenticationChallenge(com.pichillilorenzo.flutter_inappwebview.types.URLProtectionSpace)
androidx.lifecycle.EmptyActivityLifecycleCallbacks: void onActivityStarted(android.app.Activity)
com.pichillilorenzo.flutter_inappwebview.types.InAppWebViewInterface: void callAsyncJavaScript(java.lang.String,java.util.Map,com.pichillilorenzo.flutter_inappwebview.types.ContentWorld,android.webkit.ValueCallback)
androidx.core.view.DisplayCutoutCompat$Api28Impl: int getSafeInsetBottom(android.view.DisplayCutout)
io.flutter.plugins.videoplayer.Messages$LoopingMessage: Messages$LoopingMessage()
com.pichillilorenzo.flutter_inappwebview.types.NavigationActionPolicy: NavigationActionPolicy(java.lang.String,int,int)
androidx.window.layout.FoldingFeature$Orientation: java.lang.String toString()
androidx.appcompat.widget.AppCompatRadioButton: android.graphics.PorterDuff$Mode getSupportCompoundDrawablesTintMode()
androidx.window.layout.SidecarAdapter: SidecarAdapter()
androidx.core.widget.TextViewCompat$Api17Impl: void setCompoundDrawablesRelativeWithIntrinsicBounds(android.widget.TextView,android.graphics.drawable.Drawable,android.graphics.drawable.Drawable,android.graphics.drawable.Drawable,android.graphics.drawable.Drawable)
kotlin.jvm.internal.FunctionReference: boolean isExternal()
androidx.window.layout.HardwareFoldingFeature$Type: androidx.window.layout.HardwareFoldingFeature$Type access$getHINGE$cp()
com.google.android.exoplayer2.Timeline$Window: Timeline$Window()
io.flutter.embedding.engine.FlutterJNI: void onRenderingStopped()
androidx.appcompat.widget.DropDownListView: void setSelectorEnabled(boolean)
androidx.appcompat.widget.Toolbar: int getTitleMarginTop()
io.flutter.embedding.engine.renderer.FlutterRenderer$ImageReaderSurfaceProducer: void disableFenceForTest()
com.pichillilorenzo.flutter_inappwebview.MyCookieManager: void dispose()
com.pichillilorenzo.flutter_inappwebview.chrome_custom_tabs.CustomTabActivityHelper: androidx.browser.customtabs.CustomTabsSession getSession()
com.pichillilorenzo.flutter_inappwebview.in_app_webview.InAppWebView: void getZoomScale(android.webkit.ValueCallback)
androidx.window.embedding.SplitRule: boolean equals(java.lang.Object)
com.pichillilorenzo.flutter_inappwebview.types.UserContentController: java.lang.String generateContentWorldsCreatorCode()