build/app/outputs/mapping/release/mapping.txt
# compiler: R8
# compiler_version: 3.3.70
# min_api: 19
# common_typos_disable
# {"id":"com.android.tools.r8.mapping","version":"2.0"}
# pg_map_id: 4616741
# pg_map_hash: SHA-256 4616741904b764923f790f2d35ba2f2c8d029f0de913f7b3e7c639e52e89626f
...
com.google.android.exoplayer2.source.CompositeMediaSource$ForwardingEventListener -> k1.f$a:
    com.google.android.exoplayer2.source.CompositeMediaSource this$0 -> d
    com.google.android.exoplayer2.source.MediaSourceEventListener$EventDispatcher mediaSourceEventDispatcher -> b
    java.lang.Object id -> a
    com.google.android.exoplayer2.drm.DrmSessionEventListener$EventDispatcher drmEventDispatcher -> c
    void onDrmKeysLoaded(int,com.google.android.exoplayer2.source.MediaSource$MediaPeriodId) -> B
    void onDrmKeysRemoved(int,com.google.android.exoplayer2.source.MediaSource$MediaPeriodId) -> F
    void onDownstreamFormatChanged(int,com.google.android.exoplayer2.source.MediaSource$MediaPeriodId,com.google.android.exoplayer2.source.MediaLoadData) -> K
    void onLoadCanceled(int,com.google.android.exoplayer2.source.MediaSource$MediaPeriodId,com.google.android.exoplayer2.source.LoadEventInfo,com.google.android.exoplayer2.source.MediaLoadData) -> L
    void onDrmSessionAcquired(int,com.google.android.exoplayer2.source.MediaSource$MediaPeriodId,int) -> R
    void onLoadStarted(int,com.google.android.exoplayer2.source.MediaSource$MediaPeriodId,com.google.android.exoplayer2.source.LoadEventInfo,com.google.android.exoplayer2.source.MediaLoadData) -> V
    void onDrmSessionAcquired(int,com.google.android.exoplayer2.source.MediaSource$MediaPeriodId) -> W
      # {"id":"com.android.tools.r8.synthesized"}
com.google.android.exoplayer2.source.CompositeMediaSource$MediaSourceAndListener -> k1.f$b:
    com.google.android.exoplayer2.source.CompositeMediaSource$ForwardingEventListener eventListener -> c
    com.google.android.exoplayer2.source.MediaSource$MediaSourceCaller caller -> b
    com.google.android.exoplayer2.source.MediaSource mediaSource -> a
com.google.android.exoplayer2.source.CompositeSequenceableLoader -> k1.g:
    com.google.android.exoplayer2.source.SequenceableLoader[] loaders -> f
    long getNextLoadPositionUs() -> c
    long getBufferedPositionUs() -> f
    boolean continueLoading(long) -> g
    void reevaluateBuffer(long) -> h
com.google.android.exoplayer2.source.CompositeSequenceableLoaderFactory -> k1.h:
    com.google.android.exoplayer2.source.SequenceableLoader createCompositeSequenceableLoader(com.google.android.exoplayer2.source.SequenceableLoader[]) -> a
com.google.android.exoplayer2.source.DefaultCompositeSequenceableLoaderFactory -> k1.i:
    com.google.android.exoplayer2.source.SequenceableLoader createCompositeSequenceableLoader(com.google.android.exoplayer2.source.SequenceableLoader[]) -> a
com.google.android.exoplayer2.source.DefaultMediaSourceFactory -> k1.j:
    long liveMaxOffsetMs -> e
    float liveMaxSpeed -> g
    float liveMinSpeed -> f
    long liveMinOffsetMs -> d
    long liveTargetOffsetMs -> c
    com.google.android.exoplayer2.upstream.DataSource$Factory dataSourceFactory -> b
    com.google.android.exoplayer2.source.DefaultMediaSourceFactory$DelegateFactoryLoader delegateFactoryLoader -> a
com.google.android.exoplayer2.source.DefaultMediaSourceFactory$DelegateFactoryLoader -> k1.j$a:
    java.util.Map mediaSourceFactorySuppliers -> b
    com.google.android.exoplayer2.upstream.DataSource$Factory dataSourceFactory -> e
    com.google.android.exoplayer2.extractor.ExtractorsFactory extractorsFactory -> a
    java.util.Map mediaSourceFactories -> d
    java.util.Set supportedTypes -> c
    void setDataSourceFactory(com.google.android.exoplayer2.upstream.DataSource$Factory) -> a
com.google.android.exoplayer2.source.EmptySampleStream -> k1.k:
    void maybeThrowError() -> a
    int readData(com.google.android.exoplayer2.FormatHolder,com.google.android.exoplayer2.decoder.DecoderInputBuffer,int) -> d
    boolean isReady() -> e
    int skipData(long) -> j